[0mCMake Deprecation Warning at CMakeLists.txt:1 (cmake_minimum_required):
  Compatibility with CMake < 2.8.12 will be removed from a future version of
  CMake.

  Update the VERSION argument <min> value or use a ...<max> suffix to tell
  CMake that the project does not need compatibility with older versions.

[0m
-- The C compiler identification is GNU 11.4.0
-- The CXX compiler identification is GNU 11.4.0
-- Detecting C compiler ABI info
-- Detecting C compiler ABI info - done
-- Check for working C compiler: /usr/bin/cc - skipped
-- Detecting C compile features
-- Detecting C compile features - done
-- Detecting CXX compiler ABI info
-- Detecting CXX compiler ABI info - done
-- Check for working CXX compiler: /usr/bin/c++ - skipped
-- Detecting CXX compile features
-- Detecting CXX compile features - done
[0mBuild type: Release[0m
-- Performing Test COMPILER_SUPPORTS_CXX11
-- Performing Test COMPILER_SUPPORTS_CXX11 - Success
-- Performing Test COMPILER_SUPPORTS_CXX0X
-- Performing Test COMPILER_SUPPORTS_CXX0X - Success
-- Using flag -std=c++11.
-- Found OpenCV: /usr (found version "4.5.4") 
-- Found OpenCV version: 4.5.4
-- Found Eigen3: /usr/include/eigen3 (Required is at least version "2.91.0") 
-- Looking for pthread.h
-- Looking for pthread.h - found
-- Performing Test CMAKE_HAVE_LIBC_PTHREAD
-- Performing Test CMAKE_HAVE_LIBC_PTHREAD - Success
-- Found Threads: TRUE  
-- Found OpenGL: /usr/lib/x86_64-linux-gnu/libOpenGL.so  found components: OpenGL 
-- Configuring done
[33mCMake Warning (dev) at CMakeLists.txt:52 (add_library):
  Policy CMP0028 is not set: Double colon in target name means ALIAS or
  IMPORTED target.  Run "cmake --help-policy CMP0028" for policy details.
  Use the cmake_policy command to set the policy and suppress this warning.

  Target "ORB_SLAM2" links to target "Eigen3::Eigen" but the target was not
  found.  Perhaps a find_package() call is missing for an IMPORTED target, or
  an ALIAS target is missing?
This warning is for project developers.  Use -Wno-dev to suppress it.
[0m
[33mCMake Warning (dev) at CMakeLists.txt:52 (add_library):
  Policy CMP0028 is not set: Double colon in target name means ALIAS or
  IMPORTED target.  Run "cmake --help-policy CMP0028" for policy details.
  Use the cmake_policy command to set the policy and suppress this warning.

  Target "ORB_SLAM2" links to target "Eigen3::Eigen" but the target was not
  found.  Perhaps a find_package() call is missing for an IMPORTED target, or
  an ALIAS target is missing?
This warning is for project developers.  Use -Wno-dev to suppress it.
[0m
[33mCMake Warning (dev) at CMakeLists.txt:52 (add_library):
  Policy CMP0028 is not set: Double colon in target name means ALIAS or
  IMPORTED target.  Run "cmake --help-policy CMP0028" for policy details.
  Use the cmake_policy command to set the policy and suppress this warning.

  Target "ORB_SLAM2" links to target "Eigen3::Eigen" but the target was not
  found.  Perhaps a find_package() call is missing for an IMPORTED target, or
  an ALIAS target is missing?
This warning is for project developers.  Use -Wno-dev to suppress it.
[0m
[33mCMake Warning (dev) at CMakeLists.txt:86 (add_executable):
  Policy CMP0028 is not set: Double colon in target name means ALIAS or
  IMPORTED target.  Run "cmake --help-policy CMP0028" for policy details.
  Use the cmake_policy command to set the policy and suppress this warning.

  Target "rgbd_tum" links to target "Eigen3::Eigen" but the target was not
  found.  Perhaps a find_package() call is missing for an IMPORTED target, or
  an ALIAS target is missing?
This warning is for project developers.  Use -Wno-dev to suppress it.
[0m
[33mCMake Warning (dev) at CMakeLists.txt:86 (add_executable):
  Policy CMP0028 is not set: Double colon in target name means ALIAS or
  IMPORTED target.  Run "cmake --help-policy CMP0028" for policy details.
  Use the cmake_policy command to set the policy and suppress this warning.

  Target "rgbd_tum" links to target "Eigen3::Eigen" but the target was not
  found.  Perhaps a find_package() call is missing for an IMPORTED target, or
  an ALIAS target is missing?
This warning is for project developers.  Use -Wno-dev to suppress it.
[0m
[33mCMake Warning (dev) at CMakeLists.txt:86 (add_executable):
  Policy CMP0028 is not set: Double colon in target name means ALIAS or
  IMPORTED target.  Run "cmake --help-policy CMP0028" for policy details.
  Use the cmake_policy command to set the policy and suppress this warning.

  Target "rgbd_tum" links to target "Eigen3::Eigen" but the target was not
  found.  Perhaps a find_package() call is missing for an IMPORTED target, or
  an ALIAS target is missing?
This warning is for project developers.  Use -Wno-dev to suppress it.
[0m
[33mCMake Warning (dev) at CMakeLists.txt:92 (add_executable):
  Policy CMP0028 is not set: Double colon in target name means ALIAS or
  IMPORTED target.  Run "cmake --help-policy CMP0028" for policy details.
  Use the cmake_policy command to set the policy and suppress this warning.

  Target "stereo_kitti" links to target "Eigen3::Eigen" but the target was
  not found.  Perhaps a find_package() call is missing for an IMPORTED
  target, or an ALIAS target is missing?
This warning is for project developers.  Use -Wno-dev to suppress it.
[0m
[33mCMake Warning (dev) at CMakeLists.txt:92 (add_executable):
  Policy CMP0028 is not set: Double colon in target name means ALIAS or
  IMPORTED target.  Run "cmake --help-policy CMP0028" for policy details.
  Use the cmake_policy command to set the policy and suppress this warning.

  Target "stereo_kitti" links to target "Eigen3::Eigen" but the target was
  not found.  Perhaps a find_package() call is missing for an IMPORTED
  target, or an ALIAS target is missing?
This warning is for project developers.  Use -Wno-dev to suppress it.
[0m
[33mCMake Warning (dev) at CMakeLists.txt:92 (add_executable):
  Policy CMP0028 is not set: Double colon in target name means ALIAS or
  IMPORTED target.  Run "cmake --help-policy CMP0028" for policy details.
  Use the cmake_policy command to set the policy and suppress this warning.

  Target "stereo_kitti" links to target "Eigen3::Eigen" but the target was
  not found.  Perhaps a find_package() call is missing for an IMPORTED
  target, or an ALIAS target is missing?
This warning is for project developers.  Use -Wno-dev to suppress it.
[0m
[33mCMake Warning (dev) at CMakeLists.txt:96 (add_executable):
  Policy CMP0028 is not set: Double colon in target name means ALIAS or
  IMPORTED target.  Run "cmake --help-policy CMP0028" for policy details.
  Use the cmake_policy command to set the policy and suppress this warning.

  Target "stereo_euroc" links to target "Eigen3::Eigen" but the target was
  not found.  Perhaps a find_package() call is missing for an IMPORTED
  target, or an ALIAS target is missing?
This warning is for project developers.  Use -Wno-dev to suppress it.
[0m
[33mCMake Warning (dev) at CMakeLists.txt:96 (add_executable):
  Policy CMP0028 is not set: Double colon in target name means ALIAS or
  IMPORTED target.  Run "cmake --help-policy CMP0028" for policy details.
  Use the cmake_policy command to set the policy and suppress this warning.

  Target "stereo_euroc" links to target "Eigen3::Eigen" but the target was
  not found.  Perhaps a find_package() call is missing for an IMPORTED
  target, or an ALIAS target is missing?
This warning is for project developers.  Use -Wno-dev to suppress it.
[0m
[33mCMake Warning (dev) at CMakeLists.txt:96 (add_executable):
  Policy CMP0028 is not set: Double colon in target name means ALIAS or
  IMPORTED target.  Run "cmake --help-policy CMP0028" for policy details.
  Use the cmake_policy command to set the policy and suppress this warning.

  Target "stereo_euroc" links to target "Eigen3::Eigen" but the target was
  not found.  Perhaps a find_package() call is missing for an IMPORTED
  target, or an ALIAS target is missing?
This warning is for project developers.  Use -Wno-dev to suppress it.
[0m
[33mCMake Warning (dev) at CMakeLists.txt:103 (add_executable):
  Policy CMP0028 is not set: Double colon in target name means ALIAS or
  IMPORTED target.  Run "cmake --help-policy CMP0028" for policy details.
  Use the cmake_policy command to set the policy and suppress this warning.

  Target "mono_tum" links to target "Eigen3::Eigen" but the target was not
  found.  Perhaps a find_package() call is missing for an IMPORTED target, or
  an ALIAS target is missing?
This warning is for project developers.  Use -Wno-dev to suppress it.
[0m
[33mCMake Warning (dev) at CMakeLists.txt:103 (add_executable):
  Policy CMP0028 is not set: Double colon in target name means ALIAS or
  IMPORTED target.  Run "cmake --help-policy CMP0028" for policy details.
  Use the cmake_policy command to set the policy and suppress this warning.

  Target "mono_tum" links to target "Eigen3::Eigen" but the target was not
  found.  Perhaps a find_package() call is missing for an IMPORTED target, or
  an ALIAS target is missing?
This warning is for project developers.  Use -Wno-dev to suppress it.
[0m
[33mCMake Warning (dev) at CMakeLists.txt:103 (add_executable):
  Policy CMP0028 is not set: Double colon in target name means ALIAS or
  IMPORTED target.  Run "cmake --help-policy CMP0028" for policy details.
  Use the cmake_policy command to set the policy and suppress this warning.

  Target "mono_tum" links to target "Eigen3::Eigen" but the target was not
  found.  Perhaps a find_package() call is missing for an IMPORTED target, or
  an ALIAS target is missing?
This warning is for project developers.  Use -Wno-dev to suppress it.
[0m
[33mCMake Warning (dev) at CMakeLists.txt:107 (add_executable):
  Policy CMP0028 is not set: Double colon in target name means ALIAS or
  IMPORTED target.  Run "cmake --help-policy CMP0028" for policy details.
  Use the cmake_policy command to set the policy and suppress this warning.

  Target "mono_kitti" links to target "Eigen3::Eigen" but the target was not
  found.  Perhaps a find_package() call is missing for an IMPORTED target, or
  an ALIAS target is missing?
This warning is for project developers.  Use -Wno-dev to suppress it.
[0m
[33mCMake Warning (dev) at CMakeLists.txt:107 (add_executable):
  Policy CMP0028 is not set: Double colon in target name means ALIAS or
  IMPORTED target.  Run "cmake --help-policy CMP0028" for policy details.
  Use the cmake_policy command to set the policy and suppress this warning.

  Target "mono_kitti" links to target "Eigen3::Eigen" but the target was not
  found.  Perhaps a find_package() call is missing for an IMPORTED target, or
  an ALIAS target is missing?
This warning is for project developers.  Use -Wno-dev to suppress it.
[0m
[33mCMake Warning (dev) at CMakeLists.txt:107 (add_executable):
  Policy CMP0028 is not set: Double colon in target name means ALIAS or
  IMPORTED target.  Run "cmake --help-policy CMP0028" for policy details.
  Use the cmake_policy command to set the policy and suppress this warning.

  Target "mono_kitti" links to target "Eigen3::Eigen" but the target was not
  found.  Perhaps a find_package() call is missing for an IMPORTED target, or
  an ALIAS target is missing?
This warning is for project developers.  Use -Wno-dev to suppress it.
[0m
[33mCMake Warning (dev) at CMakeLists.txt:111 (add_executable):
  Policy CMP0028 is not set: Double colon in target name means ALIAS or
  IMPORTED target.  Run "cmake --help-policy CMP0028" for policy details.
  Use the cmake_policy command to set the policy and suppress this warning.

  Target "mono_euroc" links to target "Eigen3::Eigen" but the target was not
  found.  Perhaps a find_package() call is missing for an IMPORTED target, or
  an ALIAS target is missing?
This warning is for project developers.  Use -Wno-dev to suppress it.
[0m
[33mCMake Warning (dev) at CMakeLists.txt:111 (add_executable):
  Policy CMP0028 is not set: Double colon in target name means ALIAS or
  IMPORTED target.  Run "cmake --help-policy CMP0028" for policy details.
  Use the cmake_policy command to set the policy and suppress this warning.

  Target "mono_euroc" links to target "Eigen3::Eigen" but the target was not
  found.  Perhaps a find_package() call is missing for an IMPORTED target, or
  an ALIAS target is missing?
This warning is for project developers.  Use -Wno-dev to suppress it.
[0m
[33mCMake Warning (dev) at CMakeLists.txt:111 (add_executable):
  Policy CMP0028 is not set: Double colon in target name means ALIAS or
  IMPORTED target.  Run "cmake --help-policy CMP0028" for policy details.
  Use the cmake_policy command to set the policy and suppress this warning.

  Target "mono_euroc" links to target "Eigen3::Eigen" but the target was not
  found.  Perhaps a find_package() call is missing for an IMPORTED target, or
  an ALIAS target is missing?
This warning is for project developers.  Use -Wno-dev to suppress it.
[0m
-- Generating done
-- Build files have been written to: /home/peyton/ros_ws/build/ORB_SLAM2
[  3%] [32mBuilding CXX object CMakeFiles/ORB_SLAM2.dir/src/System.cc.o[0m
[  6%] [32mBuilding CXX object CMakeFiles/ORB_SLAM2.dir/src/LoopClosing.cc.o[0m
[  9%] [32mBuilding CXX object CMakeFiles/ORB_SLAM2.dir/src/Tracking.cc.o[0m
[ 12%] [32mBuilding CXX object CMakeFiles/ORB_SLAM2.dir/src/ORBmatcher.cc.o[0m
[ 21%] [32mBuilding CXX object CMakeFiles/ORB_SLAM2.dir/src/FrameDrawer.cc.o[0m
[ 21%] [32mBuilding CXX object CMakeFiles/ORB_SLAM2.dir/src/Converter.cc.o[0m
[ 25%] [32mBuilding CXX object CMakeFiles/ORB_SLAM2.dir/src/KeyFrame.cc.o[0m
[ 34%] [32mBuilding CXX object CMakeFiles/ORB_SLAM2.dir/src/MapDrawer.cc.o[0m
[ 34%] [32mBuilding CXX object CMakeFiles/ORB_SLAM2.dir/src/LocalMapping.cc.o[0m
[ 34%] [32mBuilding CXX object CMakeFiles/ORB_SLAM2.dir/src/MapPoint.cc.o[0m
[ 34%] [32mBuilding CXX object CMakeFiles/ORB_SLAM2.dir/src/ORBextractor.cc.o[0m
[ 37%] [32mBuilding CXX object CMakeFiles/ORB_SLAM2.dir/src/Map.cc.o[0m
In file included from [01m[K/home/peyton/ros_ws/sec_bot/src/orbslam2/include/Frame.h:31[m[K,
                 from [01m[K/home/peyton/ros_ws/sec_bot/src/orbslam2/include/MapPoint.h:25[m[K,
                 from [01m[K/home/peyton/ros_ws/sec_bot/src/orbslam2/include/KeyFrame.h:24[m[K,
                 from [01m[K/home/peyton/ros_ws/sec_bot/src/orbslam2/src/KeyFrame.cc:21[m[K:
[01m[K/home/peyton/ros_ws/sec_bot/src/orbslam2/include/ORBextractor.h:26:10:[m[K [01;31m[Kfatal error: [m[Kopencv/cv.h: No such file or directory
   26 | #include [01;31m[K<opencv/cv.h>[m[K
      |          [01;31m[K^~~~~~~~~~~~~[m[K
compilation terminated.
In file included from [01m[K/home/peyton/ros_ws/sec_bot/src/orbslam2/include/KeyFrame.h:28[m[K,
                 from [01m[K/home/peyton/ros_ws/sec_bot/src/orbslam2/include/MapPoint.h:24[m[K,
                 from [01m[K/home/peyton/ros_ws/sec_bot/src/orbslam2/include/Map.h:24[m[K,
                 from [01m[K/home/peyton/ros_ws/sec_bot/src/orbslam2/include/MapDrawer.h:24[m[K,
                 from [01m[K/home/peyton/ros_ws/sec_bot/src/orbslam2/src/MapDrawer.cc:21[m[K:
[01m[K/home/peyton/ros_ws/sec_bot/src/orbslam2/include/ORBextractor.h:26:10:[m[K [01;31m[Kfatal error: [m[Kopencv/cv.h: No such file or directory
   26 | #include [01;31m[K<opencv/cv.h>[m[K
      |          [01;31m[K^~~~~~~~~~~~~[m[K
compilation terminated.
In file included from [01m[K/home/peyton/ros_ws/sec_bot/src/orbslam2/include/Frame.h:31[m[K,
                 from [01m[K/home/peyton/ros_ws/sec_bot/src/orbslam2/include/MapPoint.h:25[m[K,
                 from [01m[K/home/peyton/ros_ws/sec_bot/src/orbslam2/include/KeyFrame.h:24[m[K,
                 from [01m[K/home/peyton/ros_ws/sec_bot/src/orbslam2/include/LoopClosing.h:24[m[K,
                 from [01m[K/home/peyton/ros_ws/sec_bot/src/orbslam2/src/LoopClosing.cc:21[m[K:
[01m[K/home/peyton/ros_ws/sec_bot/src/orbslam2/include/ORBextractor.h:26:10:[m[K [01;31m[Kfatal error: [m[Kopencv/cv.h: No such file or directory
   26 | #include [01;31m[K<opencv/cv.h>[m[K
      |          [01;31m[K^~~~~~~~~~~~~[m[K
compilation terminated.
gmake[2]: *** [CMakeFiles/ORB_SLAM2.dir/build.make:230: CMakeFiles/ORB_SLAM2.dir/src/MapDrawer.cc.o] Error 1
gmake[2]: *** Waiting for unfinished jobs....
gmake[2]: *** [CMakeFiles/ORB_SLAM2.dir/build.make:202: CMakeFiles/ORB_SLAM2.dir/src/KeyFrame.cc.o] Error 1
gmake[2]: *** [CMakeFiles/ORB_SLAM2.dir/build.make:118: CMakeFiles/ORB_SLAM2.dir/src/LoopClosing.cc.o] Error 1
In file included from [01m[K/home/peyton/ros_ws/sec_bot/src/orbslam2/include/Frame.h:31[m[K,
                 from [01m[K/home/peyton/ros_ws/sec_bot/src/orbslam2/include/MapPoint.h:25[m[K,
                 from [01m[K/home/peyton/ros_ws/sec_bot/src/orbslam2/include/KeyFrame.h:24[m[K,
                 from [01m[K/home/peyton/ros_ws/sec_bot/src/orbslam2/include/LocalMapping.h:24[m[K,
                 from [01m[K/home/peyton/ros_ws/sec_bot/src/orbslam2/src/LocalMapping.cc:21[m[K:
[01m[K/home/peyton/ros_ws/sec_bot/src/orbslam2/include/ORBextractor.h:26:10:[m[K [01;31m[Kfatal error: [m[Kopencv/cv.h: No such file or directory
   26 | #include [01;31m[K<opencv/cv.h>[m[K
      |          [01;31m[K^~~~~~~~~~~~~[m[K
compilation terminated.
gmake[2]: *** [CMakeFiles/ORB_SLAM2.dir/build.make:104: CMakeFiles/ORB_SLAM2.dir/src/LocalMapping.cc.o] Error 1
In file included from [01m[K/home/peyton/ros_ws/sec_bot/src/orbslam2/include/KeyFrame.h:28[m[K,
                 from [01m[K/home/peyton/ros_ws/sec_bot/src/orbslam2/include/MapPoint.h:24[m[K,
                 from [01m[K/home/peyton/ros_ws/sec_bot/src/orbslam2/include/Map.h:24[m[K,
                 from [01m[K/home/peyton/ros_ws/sec_bot/src/orbslam2/src/Map.cc:21[m[K:
[01m[K/home/peyton/ros_ws/sec_bot/src/orbslam2/include/ORBextractor.h:26:10:[m[K [01;31m[Kfatal error: [m[Kopencv/cv.h: No such file or directory
   26 | #include [01;31m[K<opencv/cv.h>[m[K
      |          [01;31m[K^~~~~~~~~~~~~[m[K
compilation terminated.
gmake[2]: *** [CMakeFiles/ORB_SLAM2.dir/build.make:216: CMakeFiles/ORB_SLAM2.dir/src/Map.cc.o] Error 1
In file included from [01m[K/home/peyton/ros_ws/sec_bot/src/orbslam2/include/KeyFrame.h:28[m[K,
                 from [01m[K/home/peyton/ros_ws/sec_bot/src/orbslam2/include/MapPoint.h:24[m[K,
                 from [01m[K/home/peyton/ros_ws/sec_bot/src/orbslam2/src/MapPoint.cc:21[m[K:
[01m[K/home/peyton/ros_ws/sec_bot/src/orbslam2/include/ORBextractor.h:26:10:[m[K [01;31m[Kfatal error: [m[Kopencv/cv.h: No such file or directory
   26 | #include [01;31m[K<opencv/cv.h>[m[K
      |          [01;31m[K^~~~~~~~~~~~~[m[K
compilation terminated.
In file included from [01m[K/home/peyton/ros_ws/sec_bot/src/orbslam2/include/KeyFrame.h:28[m[K,
                 from [01m[K/home/peyton/ros_ws/sec_bot/src/orbslam2/include/MapPoint.h:24[m[K,
                 from [01m[K/home/peyton/ros_ws/sec_bot/src/orbslam2/include/FrameDrawer.h:25[m[K,
                 from [01m[K/home/peyton/ros_ws/sec_bot/src/orbslam2/include/Viewer.h:25[m[K,
                 from [01m[K/home/peyton/ros_ws/sec_bot/src/orbslam2/include/Tracking.h:28[m[K,
                 from [01m[K/home/peyton/ros_ws/sec_bot/src/orbslam2/include/System.h:29[m[K,
                 from [01m[K/home/peyton/ros_ws/sec_bot/src/orbslam2/src/System.cc:23[m[K:
[01m[K/home/peyton/ros_ws/sec_bot/src/orbslam2/include/ORBextractor.h:26:10:[m[K [01;31m[Kfatal error: [m[Kopencv/cv.h: No such file or directory
   26 | #include [01;31m[K<opencv/cv.h>[m[K
      |          [01;31m[K^~~~~~~~~~~~~[m[K
compilation terminated.
gmake[2]: *** [CMakeFiles/ORB_SLAM2.dir/build.make:188: CMakeFiles/ORB_SLAM2.dir/src/MapPoint.cc.o] Error 1
gmake[2]: *** [CMakeFiles/ORB_SLAM2.dir/build.make:76: CMakeFiles/ORB_SLAM2.dir/src/System.cc.o] Error 1
In file included from [01m[K/home/peyton/ros_ws/sec_bot/src/orbslam2/include/KeyFrame.h:28[m[K,
                 from [01m[K/home/peyton/ros_ws/sec_bot/src/orbslam2/include/MapPoint.h:24[m[K,
                 from [01m[K/home/peyton/ros_ws/sec_bot/src/orbslam2/include/ORBmatcher.h:29[m[K,
                 from [01m[K/home/peyton/ros_ws/sec_bot/src/orbslam2/src/ORBmatcher.cc:21[m[K:
[01m[K/home/peyton/ros_ws/sec_bot/src/orbslam2/include/ORBextractor.h:26:10:[m[K [01;31m[Kfatal error: [m[Kopencv/cv.h: No such file or directory
   26 | #include [01;31m[K<opencv/cv.h>[m[K
      |          [01;31m[K^~~~~~~~~~~~~[m[K
compilation terminated.
In file included from [01m[K/home/peyton/ros_ws/sec_bot/src/orbslam2/include/KeyFrame.h:28[m[K,
                 from [01m[K/home/peyton/ros_ws/sec_bot/src/orbslam2/include/MapPoint.h:24[m[K,
                 from [01m[K/home/peyton/ros_ws/sec_bot/src/orbslam2/include/Map.h:24[m[K,
                 from [01m[K/home/peyton/ros_ws/sec_bot/src/orbslam2/include/MapDrawer.h:24[m[K,
                 from [01m[K/home/peyton/ros_ws/sec_bot/src/orbslam2/include/Viewer.h:26[m[K,
                 from [01m[K/home/peyton/ros_ws/sec_bot/src/orbslam2/include/Tracking.h:28[m[K,
                 from [01m[K/home/peyton/ros_ws/sec_bot/src/orbslam2/include/FrameDrawer.h:24[m[K,
                 from [01m[K/home/peyton/ros_ws/sec_bot/src/orbslam2/src/FrameDrawer.cc:21[m[K:
[01m[K/home/peyton/ros_ws/sec_bot/src/orbslam2/include/ORBextractor.h:26:10:[m[K [01;31m[Kfatal error: [m[Kopencv/cv.h: No such file or directory
   26 | #include [01;31m[K<opencv/cv.h>[m[K
      |          [01;31m[K^~~~~~~~~~~~~[m[K
compilation terminated.
gmake[2]: *** [CMakeFiles/ORB_SLAM2.dir/build.make:146: CMakeFiles/ORB_SLAM2.dir/src/ORBmatcher.cc.o] Error 1
In file included from [01m[K/home/peyton/ros_ws/sec_bot/src/orbslam2/include/KeyFrame.h:28[m[K,
                 from [01m[K/home/peyton/ros_ws/sec_bot/src/orbslam2/include/MapPoint.h:24[m[K,
                 from [01m[K/home/peyton/ros_ws/sec_bot/src/orbslam2/include/FrameDrawer.h:25[m[K,
                 from [01m[K/home/peyton/ros_ws/sec_bot/src/orbslam2/include/Viewer.h:25[m[K,
                 from [01m[K/home/peyton/ros_ws/sec_bot/src/orbslam2/include/Tracking.h:28[m[K,
                 from [01m[K/home/peyton/ros_ws/sec_bot/src/orbslam2/src/Tracking.cc:22[m[K:
[01m[K/home/peyton/ros_ws/sec_bot/src/orbslam2/include/ORBextractor.h:26:10:[m[K [01;31m[Kfatal error: [m[Kopencv/cv.h: No such file or directory
   26 | #include [01;31m[K<opencv/cv.h>[m[K
      |          [01;31m[K^~~~~~~~~~~~~[m[K
compilation terminated.
gmake[2]: *** [CMakeFiles/ORB_SLAM2.dir/build.make:160: CMakeFiles/ORB_SLAM2.dir/src/FrameDrawer.cc.o] Error 1
gmake[2]: *** [CMakeFiles/ORB_SLAM2.dir/build.make:90: CMakeFiles/ORB_SLAM2.dir/src/Tracking.cc.o] Error 1
In file included from [01m[K/home/peyton/ros_ws/sec_bot/src/orbslam2/src/ORBextractor.cc:63[m[K:
[01m[K/home/peyton/ros_ws/sec_bot/src/orbslam2/include/ORBextractor.h:26:10:[m[K [01;31m[Kfatal error: [m[Kopencv/cv.h: No such file or directory
   26 | #include [01;31m[K<opencv/cv.h>[m[K
      |          [01;31m[K^~~~~~~~~~~~~[m[K
compilation terminated.
gmake[2]: *** [CMakeFiles/ORB_SLAM2.dir/build.make:132: CMakeFiles/ORB_SLAM2.dir/src/ORBextractor.cc.o] Error 1
In file included from [01m[K/home/peyton/ros_ws/sec_bot/src/orbslam2/Thirdparty/g2o/g2o/types/../core/optimizable_graph.h:37[m[K,
                 from [01m[K/home/peyton/ros_ws/sec_bot/src/orbslam2/Thirdparty/g2o/g2o/types/../core/base_vertex.h:30[m[K,
                 from [01m[K/home/peyton/ros_ws/sec_bot/src/orbslam2/Thirdparty/g2o/g2o/types/types_six_dof_expmap.h:37[m[K,
                 from [01m[K/home/peyton/ros_ws/sec_bot/src/orbslam2/include/Converter.h:27[m[K,
                 from [01m[K/home/peyton/ros_ws/sec_bot/src/orbslam2/src/Converter.cc:22[m[K:
[01m[K/home/peyton/ros_ws/sec_bot/src/orbslam2/Thirdparty/g2o/g2o/types/../core/openmp_mutex.h:30:10:[m[K [01;31m[Kfatal error: [m[K../../config.h: No such file or directory
   30 | #include [01;31m[K"../../config.h"[m[K
      |          [01;31m[K^~~~~~~~~~~~~~~~[m[K
compilation terminated.
gmake[2]: *** [CMakeFiles/ORB_SLAM2.dir/build.make:174: CMakeFiles/ORB_SLAM2.dir/src/Converter.cc.o] Error 1
gmake[1]: *** [CMakeFiles/Makefile2:95: CMakeFiles/ORB_SLAM2.dir/all] Error 2
gmake: *** [Makefile:91: all] Error 2
