[0.016s] Invoking command in '/home/peyton/ros_ws/build/ORB_SLAM2': /usr/bin/cmake /home/peyton/ros_ws/sec_bot/src/orbslam2 -DCMAKE_BUILD_TYPE=Release -DOpenCV_DIR=/usr/lib/x86_64-linux-gnu/cmake/opencv4 -DCMAKE_PREFIX_PATH=/usr/local/lib/cmake -DCMAKE_INSTALL_PREFIX=/home/peyton/ros_ws/install/ORB_SLAM2
[0.019s] [0mCMake Deprecation Warning at CMakeLists.txt:1 (cmake_minimum_required):
[0.019s]   Compatibility with CMake < 2.8.12 will be removed from a future version of
[0.019s]   CMake.
[0.019s] 
[0.019s]   Update the VERSION argument <min> value or use a ...<max> suffix to tell
[0.019s]   CMake that the project does not need compatibility with older versions.
[0.019s] 
[0.019s] [0m
[0.119s] -- The C compiler identification is GNU 11.4.0
[0.471s] -- The CXX compiler identification is GNU 11.4.0
[0.722s] -- Detecting C compiler ABI info
[0.835s] -- Detecting C compiler ABI info - done
[0.842s] -- Check for working C compiler: /usr/bin/cc - skipped
[0.843s] -- Detecting C compile features
[0.843s] -- Detecting C compile features - done
[0.846s] -- Detecting CXX compiler ABI info
[0.964s] -- Detecting CXX compiler ABI info - done
[0.973s] -- Check for working CXX compiler: /usr/bin/c++ - skipped
[0.973s] -- Detecting CXX compile features
[0.974s] -- Detecting CXX compile features - done
[0.975s] [0mBuild type: Release[0m
[0.976s] -- Performing Test COMPILER_SUPPORTS_CXX11
[1.102s] -- Performing Test COMPILER_SUPPORTS_CXX11 - Success
[1.103s] -- Performing Test COMPILER_SUPPORTS_CXX0X
[1.234s] -- Performing Test COMPILER_SUPPORTS_CXX0X - Success
[1.235s] -- Using flag -std=c++11.
[1.242s] -- Found OpenCV: /usr (found version "4.5.4") 
[1.242s] -- Found OpenCV version: 4.5.4
[1.334s] -- Found Eigen3: /usr/include/eigen3 (Required is at least version "2.91.0") 
[1.336s] -- Looking for pthread.h
[1.489s] -- Looking for pthread.h - found
[1.490s] -- Performing Test CMAKE_HAVE_LIBC_PTHREAD
[1.610s] -- Performing Test CMAKE_HAVE_LIBC_PTHREAD - Success
[1.610s] -- Found Threads: TRUE  
[2.012s] -- Found OpenGL: /usr/lib/x86_64-linux-gnu/libOpenGL.so  found components: OpenGL 
[2.013s] -- Configuring done
[2.017s] [33mCMake Warning (dev) at CMakeLists.txt:52 (add_library):
[2.017s]   Policy CMP0028 is not set: Double colon in target name means ALIAS or
[2.017s]   IMPORTED target.  Run "cmake --help-policy CMP0028" for policy details.
[2.017s]   Use the cmake_policy command to set the policy and suppress this warning.
[2.017s] 
[2.017s]   Target "ORB_SLAM2" links to target "Eigen3::Eigen" but the target was not
[2.018s]   found.  Perhaps a find_package() call is missing for an IMPORTED target, or
[2.018s]   an ALIAS target is missing?
[2.019s] This warning is for project developers.  Use -Wno-dev to suppress it.
[2.020s] [0m
[2.020s] [33mCMake Warning (dev) at CMakeLists.txt:52 (add_library):
[2.020s]   Policy CMP0028 is not set: Double colon in target name means ALIAS or
[2.020s]   IMPORTED target.  Run "cmake --help-policy CMP0028" for policy details.
[2.020s]   Use the cmake_policy command to set the policy and suppress this warning.
[2.020s] 
[2.020s]   Target "ORB_SLAM2" links to target "Eigen3::Eigen" but the target was not
[2.020s]   found.  Perhaps a find_package() call is missing for an IMPORTED target, or
[2.020s]   an ALIAS target is missing?
[2.020s] This warning is for project developers.  Use -Wno-dev to suppress it.
[2.020s] [0m
[2.020s] [33mCMake Warning (dev) at CMakeLists.txt:52 (add_library):
[2.020s]   Policy CMP0028 is not set: Double colon in target name means ALIAS or
[2.020s]   IMPORTED target.  Run "cmake --help-policy CMP0028" for policy details.
[2.021s]   Use the cmake_policy command to set the policy and suppress this warning.
[2.021s] 
[2.021s]   Target "ORB_SLAM2" links to target "Eigen3::Eigen" but the target was not
[2.021s]   found.  Perhaps a find_package() call is missing for an IMPORTED target, or
[2.021s]   an ALIAS target is missing?
[2.021s] This warning is for project developers.  Use -Wno-dev to suppress it.
[2.021s] [0m
[2.021s] [33mCMake Warning (dev) at CMakeLists.txt:86 (add_executable):
[2.021s]   Policy CMP0028 is not set: Double colon in target name means ALIAS or
[2.021s]   IMPORTED target.  Run "cmake --help-policy CMP0028" for policy details.
[2.021s]   Use the cmake_policy command to set the policy and suppress this warning.
[2.021s] 
[2.022s]   Target "rgbd_tum" links to target "Eigen3::Eigen" but the target was not
[2.022s]   found.  Perhaps a find_package() call is missing for an IMPORTED target, or
[2.022s]   an ALIAS target is missing?
[2.022s] This warning is for project developers.  Use -Wno-dev to suppress it.
[2.022s] [0m
[2.022s] [33mCMake Warning (dev) at CMakeLists.txt:86 (add_executable):
[2.022s]   Policy CMP0028 is not set: Double colon in target name means ALIAS or
[2.022s]   IMPORTED target.  Run "cmake --help-policy CMP0028" for policy details.
[2.022s]   Use the cmake_policy command to set the policy and suppress this warning.
[2.022s] 
[2.022s]   Target "rgbd_tum" links to target "Eigen3::Eigen" but the target was not
[2.022s]   found.  Perhaps a find_package() call is missing for an IMPORTED target, or
[2.022s]   an ALIAS target is missing?
[2.022s] This warning is for project developers.  Use -Wno-dev to suppress it.
[2.023s] [0m
[2.023s] [33mCMake Warning (dev) at CMakeLists.txt:86 (add_executable):
[2.023s]   Policy CMP0028 is not set: Double colon in target name means ALIAS or
[2.023s]   IMPORTED target.  Run "cmake --help-policy CMP0028" for policy details.
[2.023s]   Use the cmake_policy command to set the policy and suppress this warning.
[2.023s] 
[2.023s]   Target "rgbd_tum" links to target "Eigen3::Eigen" but the target was not
[2.023s]   found.  Perhaps a find_package() call is missing for an IMPORTED target, or
[2.023s]   an ALIAS target is missing?
[2.023s] This warning is for project developers.  Use -Wno-dev to suppress it.
[2.023s] [0m
[2.023s] [33mCMake Warning (dev) at CMakeLists.txt:92 (add_executable):
[2.023s]   Policy CMP0028 is not set: Double colon in target name means ALIAS or
[2.023s]   IMPORTED target.  Run "cmake --help-policy CMP0028" for policy details.
[2.023s]   Use the cmake_policy command to set the policy and suppress this warning.
[2.023s] 
[2.023s]   Target "stereo_kitti" links to target "Eigen3::Eigen" but the target was
[2.023s]   not found.  Perhaps a find_package() call is missing for an IMPORTED
[2.023s]   target, or an ALIAS target is missing?
[2.024s] This warning is for project developers.  Use -Wno-dev to suppress it.
[2.024s] [0m
[2.024s] [33mCMake Warning (dev) at CMakeLists.txt:92 (add_executable):
[2.024s]   Policy CMP0028 is not set: Double colon in target name means ALIAS or
[2.024s]   IMPORTED target.  Run "cmake --help-policy CMP0028" for policy details.
[2.024s]   Use the cmake_policy command to set the policy and suppress this warning.
[2.024s] 
[2.024s]   Target "stereo_kitti" links to target "Eigen3::Eigen" but the target was
[2.024s]   not found.  Perhaps a find_package() call is missing for an IMPORTED
[2.024s]   target, or an ALIAS target is missing?
[2.024s] This warning is for project developers.  Use -Wno-dev to suppress it.
[2.024s] [0m
[2.024s] [33mCMake Warning (dev) at CMakeLists.txt:92 (add_executable):
[2.024s]   Policy CMP0028 is not set: Double colon in target name means ALIAS or
[2.024s]   IMPORTED target.  Run "cmake --help-policy CMP0028" for policy details.
[2.024s]   Use the cmake_policy command to set the policy and suppress this warning.
[2.024s] 
[2.024s]   Target "stereo_kitti" links to target "Eigen3::Eigen" but the target was
[2.024s]   not found.  Perhaps a find_package() call is missing for an IMPORTED
[2.024s]   target, or an ALIAS target is missing?
[2.024s] This warning is for project developers.  Use -Wno-dev to suppress it.
[2.024s] [0m
[2.024s] [33mCMake Warning (dev) at CMakeLists.txt:96 (add_executable):
[2.025s]   Policy CMP0028 is not set: Double colon in target name means ALIAS or
[2.025s]   IMPORTED target.  Run "cmake --help-policy CMP0028" for policy details.
[2.025s]   Use the cmake_policy command to set the policy and suppress this warning.
[2.025s] 
[2.025s]   Target "stereo_euroc" links to target "Eigen3::Eigen" but the target was
[2.025s]   not found.  Perhaps a find_package() call is missing for an IMPORTED
[2.025s]   target, or an ALIAS target is missing?
[2.025s] This warning is for project developers.  Use -Wno-dev to suppress it.
[2.025s] [0m
[2.025s] [33mCMake Warning (dev) at CMakeLists.txt:96 (add_executable):
[2.025s]   Policy CMP0028 is not set: Double colon in target name means ALIAS or
[2.025s]   IMPORTED target.  Run "cmake --help-policy CMP0028" for policy details.
[2.025s]   Use the cmake_policy command to set the policy and suppress this warning.
[2.025s] 
[2.025s]   Target "stereo_euroc" links to target "Eigen3::Eigen" but the target was
[2.025s]   not found.  Perhaps a find_package() call is missing for an IMPORTED
[2.025s]   target, or an ALIAS target is missing?
[2.025s] This warning is for project developers.  Use -Wno-dev to suppress it.
[2.025s] [0m
[2.025s] [33mCMake Warning (dev) at CMakeLists.txt:96 (add_executable):
[2.026s]   Policy CMP0028 is not set: Double colon in target name means ALIAS or
[2.026s]   IMPORTED target.  Run "cmake --help-policy CMP0028" for policy details.
[2.026s]   Use the cmake_policy command to set the policy and suppress this warning.
[2.026s] 
[2.026s]   Target "stereo_euroc" links to target "Eigen3::Eigen" but the target was
[2.026s]   not found.  Perhaps a find_package() call is missing for an IMPORTED
[2.026s]   target, or an ALIAS target is missing?
[2.026s] This warning is for project developers.  Use -Wno-dev to suppress it.
[2.026s] [0m
[2.026s] [33mCMake Warning (dev) at CMakeLists.txt:103 (add_executable):
[2.026s]   Policy CMP0028 is not set: Double colon in target name means ALIAS or
[2.026s]   IMPORTED target.  Run "cmake --help-policy CMP0028" for policy details.
[2.026s]   Use the cmake_policy command to set the policy and suppress this warning.
[2.026s] 
[2.028s]   Target "mono_tum" links to target "Eigen3::Eigen" but the target was not
[2.028s]   found.  Perhaps a find_package() call is missing for an IMPORTED target, or
[2.028s]   an ALIAS target is missing?
[2.028s] This warning is for project developers.  Use -Wno-dev to suppress it.
[2.028s] [0m
[2.028s] [33mCMake Warning (dev) at CMakeLists.txt:103 (add_executable):
[2.028s]   Policy CMP0028 is not set: Double colon in target name means ALIAS or
[2.029s]   IMPORTED target.  Run "cmake --help-policy CMP0028" for policy details.
[2.029s]   Use the cmake_policy command to set the policy and suppress this warning.
[2.029s] 
[2.029s]   Target "mono_tum" links to target "Eigen3::Eigen" but the target was not
[2.029s]   found.  Perhaps a find_package() call is missing for an IMPORTED target, or
[2.029s]   an ALIAS target is missing?
[2.029s] This warning is for project developers.  Use -Wno-dev to suppress it.
[2.029s] [0m
[2.029s] [33mCMake Warning (dev) at CMakeLists.txt:103 (add_executable):
[2.029s]   Policy CMP0028 is not set: Double colon in target name means ALIAS or
[2.029s]   IMPORTED target.  Run "cmake --help-policy CMP0028" for policy details.
[2.029s]   Use the cmake_policy command to set the policy and suppress this warning.
[2.029s] 
[2.029s]   Target "mono_tum" links to target "Eigen3::Eigen" but the target was not
[2.029s]   found.  Perhaps a find_package() call is missing for an IMPORTED target, or
[2.029s]   an ALIAS target is missing?
[2.029s] This warning is for project developers.  Use -Wno-dev to suppress it.
[2.029s] [0m
[2.029s] [33mCMake Warning (dev) at CMakeLists.txt:107 (add_executable):
[2.030s]   Policy CMP0028 is not set: Double colon in target name means ALIAS or
[2.030s]   IMPORTED target.  Run "cmake --help-policy CMP0028" for policy details.
[2.030s]   Use the cmake_policy command to set the policy and suppress this warning.
[2.030s] 
[2.030s]   Target "mono_kitti" links to target "Eigen3::Eigen" but the target was not
[2.030s]   found.  Perhaps a find_package() call is missing for an IMPORTED target, or
[2.030s]   an ALIAS target is missing?
[2.030s] This warning is for project developers.  Use -Wno-dev to suppress it.
[2.030s] [0m
[2.030s] [33mCMake Warning (dev) at CMakeLists.txt:107 (add_executable):
[2.030s]   Policy CMP0028 is not set: Double colon in target name means ALIAS or
[2.030s]   IMPORTED target.  Run "cmake --help-policy CMP0028" for policy details.
[2.030s]   Use the cmake_policy command to set the policy and suppress this warning.
[2.030s] 
[2.030s]   Target "mono_kitti" links to target "Eigen3::Eigen" but the target was not
[2.030s]   found.  Perhaps a find_package() call is missing for an IMPORTED target, or
[2.030s]   an ALIAS target is missing?
[2.030s] This warning is for project developers.  Use -Wno-dev to suppress it.
[2.030s] [0m
[2.030s] [33mCMake Warning (dev) at CMakeLists.txt:107 (add_executable):
[2.030s]   Policy CMP0028 is not set: Double colon in target name means ALIAS or
[2.031s]   IMPORTED target.  Run "cmake --help-policy CMP0028" for policy details.
[2.031s]   Use the cmake_policy command to set the policy and suppress this warning.
[2.031s] 
[2.031s]   Target "mono_kitti" links to target "Eigen3::Eigen" but the target was not
[2.031s]   found.  Perhaps a find_package() call is missing for an IMPORTED target, or
[2.031s]   an ALIAS target is missing?
[2.031s] This warning is for project developers.  Use -Wno-dev to suppress it.
[2.031s] [0m
[2.031s] [33mCMake Warning (dev) at CMakeLists.txt:111 (add_executable):
[2.031s]   Policy CMP0028 is not set: Double colon in target name means ALIAS or
[2.031s]   IMPORTED target.  Run "cmake --help-policy CMP0028" for policy details.
[2.031s]   Use the cmake_policy command to set the policy and suppress this warning.
[2.031s] 
[2.031s]   Target "mono_euroc" links to target "Eigen3::Eigen" but the target was not
[2.031s]   found.  Perhaps a find_package() call is missing for an IMPORTED target, or
[2.031s]   an ALIAS target is missing?
[2.031s] This warning is for project developers.  Use -Wno-dev to suppress it.
[2.031s] [0m
[2.032s] [33mCMake Warning (dev) at CMakeLists.txt:111 (add_executable):
[2.032s]   Policy CMP0028 is not set: Double colon in target name means ALIAS or
[2.032s]   IMPORTED target.  Run "cmake --help-policy CMP0028" for policy details.
[2.032s]   Use the cmake_policy command to set the policy and suppress this warning.
[2.032s] 
[2.032s]   Target "mono_euroc" links to target "Eigen3::Eigen" but the target was not
[2.032s]   found.  Perhaps a find_package() call is missing for an IMPORTED target, or
[2.032s]   an ALIAS target is missing?
[2.032s] This warning is for project developers.  Use -Wno-dev to suppress it.
[2.032s] [0m
[2.032s] [33mCMake Warning (dev) at CMakeLists.txt:111 (add_executable):
[2.032s]   Policy CMP0028 is not set: Double colon in target name means ALIAS or
[2.033s]   IMPORTED target.  Run "cmake --help-policy CMP0028" for policy details.
[2.033s]   Use the cmake_policy command to set the policy and suppress this warning.
[2.033s] 
[2.033s]   Target "mono_euroc" links to target "Eigen3::Eigen" but the target was not
[2.033s]   found.  Perhaps a find_package() call is missing for an IMPORTED target, or
[2.033s]   an ALIAS target is missing?
[2.033s] This warning is for project developers.  Use -Wno-dev to suppress it.
[2.033s] [0m
[2.052s] -- Generating done
[2.060s] -- Build files have been written to: /home/peyton/ros_ws/build/ORB_SLAM2
[2.065s] Invoked command in '/home/peyton/ros_ws/build/ORB_SLAM2' returned '0': /usr/bin/cmake /home/peyton/ros_ws/sec_bot/src/orbslam2 -DCMAKE_BUILD_TYPE=Release -DOpenCV_DIR=/usr/lib/x86_64-linux-gnu/cmake/opencv4 -DCMAKE_PREFIX_PATH=/usr/local/lib/cmake -DCMAKE_INSTALL_PREFIX=/home/peyton/ros_ws/install/ORB_SLAM2
[2.067s] Invoking command in '/home/peyton/ros_ws/build/ORB_SLAM2': /usr/bin/cmake --build /home/peyton/ros_ws/build/ORB_SLAM2 -- -j12 -l12
[2.106s] [  3%] [32mBuilding CXX object CMakeFiles/ORB_SLAM2.dir/src/System.cc.o[0m
[2.106s] [  6%] [32mBuilding CXX object CMakeFiles/ORB_SLAM2.dir/src/LoopClosing.cc.o[0m
[2.106s] [  9%] [32mBuilding CXX object CMakeFiles/ORB_SLAM2.dir/src/Tracking.cc.o[0m
[2.106s] [ 12%] [32mBuilding CXX object CMakeFiles/ORB_SLAM2.dir/src/ORBmatcher.cc.o[0m
[2.108s] [ 21%] [32mBuilding CXX object CMakeFiles/ORB_SLAM2.dir/src/FrameDrawer.cc.o[0m
[2.113s] [ 21%] [32mBuilding CXX object CMakeFiles/ORB_SLAM2.dir/src/Converter.cc.o[0m
[2.113s] [ 25%] [32mBuilding CXX object CMakeFiles/ORB_SLAM2.dir/src/KeyFrame.cc.o[0m
[2.113s] [ 34%] [32mBuilding CXX object CMakeFiles/ORB_SLAM2.dir/src/MapDrawer.cc.o[0m
[2.113s] [ 34%] [32mBuilding CXX object CMakeFiles/ORB_SLAM2.dir/src/LocalMapping.cc.o[0m
[2.113s] [ 34%] [32mBuilding CXX object CMakeFiles/ORB_SLAM2.dir/src/MapPoint.cc.o[0m
[2.113s] [ 34%] [32mBuilding CXX object CMakeFiles/ORB_SLAM2.dir/src/ORBextractor.cc.o[0m
[2.119s] [ 37%] [32mBuilding CXX object CMakeFiles/ORB_SLAM2.dir/src/Map.cc.o[0m
[2.405s] In file included from [01m[K/home/peyton/ros_ws/sec_bot/src/orbslam2/include/Frame.h:31[m[K,
[2.405s]                  from [01m[K/home/peyton/ros_ws/sec_bot/src/orbslam2/include/MapPoint.h:25[m[K,
[2.405s]                  from [01m[K/home/peyton/ros_ws/sec_bot/src/orbslam2/include/KeyFrame.h:24[m[K,
[2.405s]                  from [01m[K/home/peyton/ros_ws/sec_bot/src/orbslam2/src/KeyFrame.cc:21[m[K:
[2.405s] [01m[K/home/peyton/ros_ws/sec_bot/src/orbslam2/include/ORBextractor.h:26:10:[m[K [01;31m[Kfatal error: [m[Kopencv/cv.h: No such file or directory
[2.406s]    26 | #include [01;31m[K<opencv/cv.h>[m[K
[2.406s]       |          [01;31m[K^~~~~~~~~~~~~[m[K
[2.406s] compilation terminated.
[2.406s] In file included from [01m[K/home/peyton/ros_ws/sec_bot/src/orbslam2/include/KeyFrame.h:28[m[K,
[2.406s]                  from [01m[K/home/peyton/ros_ws/sec_bot/src/orbslam2/include/MapPoint.h:24[m[K,
[2.406s]                  from [01m[K/home/peyton/ros_ws/sec_bot/src/orbslam2/include/Map.h:24[m[K,
[2.406s]                  from [01m[K/home/peyton/ros_ws/sec_bot/src/orbslam2/include/MapDrawer.h:24[m[K,
[2.407s]                  from [01m[K/home/peyton/ros_ws/sec_bot/src/orbslam2/src/MapDrawer.cc:21[m[K:
[2.407s] [01m[K/home/peyton/ros_ws/sec_bot/src/orbslam2/include/ORBextractor.h:26:10:[m[K [01;31m[Kfatal error: [m[Kopencv/cv.h: No such file or directory
[2.407s]    26 | #include [01;31m[K<opencv/cv.h>[m[K
[2.407s]       |          [01;31m[K^~~~~~~~~~~~~[m[K
[2.407s] compilation terminated.
[2.414s] In file included from [01m[K/home/peyton/ros_ws/sec_bot/src/orbslam2/include/Frame.h:31[m[K,
[2.414s]                  from [01m[K/home/peyton/ros_ws/sec_bot/src/orbslam2/include/MapPoint.h:25[m[K,
[2.415s]                  from [01m[K/home/peyton/ros_ws/sec_bot/src/orbslam2/include/KeyFrame.h:24[m[K,
[2.415s]                  from [01m[K/home/peyton/ros_ws/sec_bot/src/orbslam2/include/LoopClosing.h:24[m[K,
[2.415s]                  from [01m[K/home/peyton/ros_ws/sec_bot/src/orbslam2/src/LoopClosing.cc:21[m[K:
[2.415s] [01m[K/home/peyton/ros_ws/sec_bot/src/orbslam2/include/ORBextractor.h:26:10:[m[K [01;31m[Kfatal error: [m[Kopencv/cv.h: No such file or directory
[2.415s]    26 | #include [01;31m[K<opencv/cv.h>[m[K
[2.415s]       |          [01;31m[K^~~~~~~~~~~~~[m[K
[2.416s] compilation terminated.
[2.419s] gmake[2]: *** [CMakeFiles/ORB_SLAM2.dir/build.make:230: CMakeFiles/ORB_SLAM2.dir/src/MapDrawer.cc.o] Error 1
[2.419s] gmake[2]: *** Waiting for unfinished jobs....
[2.419s] gmake[2]: *** [CMakeFiles/ORB_SLAM2.dir/build.make:202: CMakeFiles/ORB_SLAM2.dir/src/KeyFrame.cc.o] Error 1
[2.419s] gmake[2]: *** [CMakeFiles/ORB_SLAM2.dir/build.make:118: CMakeFiles/ORB_SLAM2.dir/src/LoopClosing.cc.o] Error 1
[2.423s] In file included from [01m[K/home/peyton/ros_ws/sec_bot/src/orbslam2/include/Frame.h:31[m[K,
[2.424s]                  from [01m[K/home/peyton/ros_ws/sec_bot/src/orbslam2/include/MapPoint.h:25[m[K,
[2.424s]                  from [01m[K/home/peyton/ros_ws/sec_bot/src/orbslam2/include/KeyFrame.h:24[m[K,
[2.424s]                  from [01m[K/home/peyton/ros_ws/sec_bot/src/orbslam2/include/LocalMapping.h:24[m[K,
[2.424s]                  from [01m[K/home/peyton/ros_ws/sec_bot/src/orbslam2/src/LocalMapping.cc:21[m[K:
[2.424s] [01m[K/home/peyton/ros_ws/sec_bot/src/orbslam2/include/ORBextractor.h:26:10:[m[K [01;31m[Kfatal error: [m[Kopencv/cv.h: No such file or directory
[2.424s]    26 | #include [01;31m[K<opencv/cv.h>[m[K
[2.424s]       |          [01;31m[K^~~~~~~~~~~~~[m[K
[2.424s] compilation terminated.
[2.428s] gmake[2]: *** [CMakeFiles/ORB_SLAM2.dir/build.make:104: CMakeFiles/ORB_SLAM2.dir/src/LocalMapping.cc.o] Error 1
[2.428s] In file included from [01m[K/home/peyton/ros_ws/sec_bot/src/orbslam2/include/KeyFrame.h:28[m[K,
[2.428s]                  from [01m[K/home/peyton/ros_ws/sec_bot/src/orbslam2/include/MapPoint.h:24[m[K,
[2.429s]                  from [01m[K/home/peyton/ros_ws/sec_bot/src/orbslam2/include/Map.h:24[m[K,
[2.429s]                  from [01m[K/home/peyton/ros_ws/sec_bot/src/orbslam2/src/Map.cc:21[m[K:
[2.429s] [01m[K/home/peyton/ros_ws/sec_bot/src/orbslam2/include/ORBextractor.h:26:10:[m[K [01;31m[Kfatal error: [m[Kopencv/cv.h: No such file or directory
[2.429s]    26 | #include [01;31m[K<opencv/cv.h>[m[K
[2.429s]       |          [01;31m[K^~~~~~~~~~~~~[m[K
[2.429s] compilation terminated.
[2.432s] gmake[2]: *** [CMakeFiles/ORB_SLAM2.dir/build.make:216: CMakeFiles/ORB_SLAM2.dir/src/Map.cc.o] Error 1
[2.434s] In file included from [01m[K/home/peyton/ros_ws/sec_bot/src/orbslam2/include/KeyFrame.h:28[m[K,
[2.434s]                  from [01m[K/home/peyton/ros_ws/sec_bot/src/orbslam2/include/MapPoint.h:24[m[K,
[2.434s]                  from [01m[K/home/peyton/ros_ws/sec_bot/src/orbslam2/src/MapPoint.cc:21[m[K:
[2.434s] [01m[K/home/peyton/ros_ws/sec_bot/src/orbslam2/include/ORBextractor.h:26:10:[m[K [01;31m[Kfatal error: [m[Kopencv/cv.h: No such file or directory
[2.435s]    26 | #include [01;31m[K<opencv/cv.h>[m[K
[2.435s]       |          [01;31m[K^~~~~~~~~~~~~[m[K
[2.435s] compilation terminated.
[2.437s] In file included from [01m[K/home/peyton/ros_ws/sec_bot/src/orbslam2/include/KeyFrame.h:28[m[K,
[2.437s]                  from [01m[K/home/peyton/ros_ws/sec_bot/src/orbslam2/include/MapPoint.h:24[m[K,
[2.437s]                  from [01m[K/home/peyton/ros_ws/sec_bot/src/orbslam2/include/FrameDrawer.h:25[m[K,
[2.437s]                  from [01m[K/home/peyton/ros_ws/sec_bot/src/orbslam2/include/Viewer.h:25[m[K,
[2.437s]                  from [01m[K/home/peyton/ros_ws/sec_bot/src/orbslam2/include/Tracking.h:28[m[K,
[2.437s]                  from [01m[K/home/peyton/ros_ws/sec_bot/src/orbslam2/include/System.h:29[m[K,
[2.437s]                  from [01m[K/home/peyton/ros_ws/sec_bot/src/orbslam2/src/System.cc:23[m[K:
[2.437s] [01m[K/home/peyton/ros_ws/sec_bot/src/orbslam2/include/ORBextractor.h:26:10:[m[K [01;31m[Kfatal error: [m[Kopencv/cv.h: No such file or directory
[2.438s]    26 | #include [01;31m[K<opencv/cv.h>[m[K
[2.438s]       |          [01;31m[K^~~~~~~~~~~~~[m[K
[2.438s] compilation terminated.
[2.439s] gmake[2]: *** [CMakeFiles/ORB_SLAM2.dir/build.make:188: CMakeFiles/ORB_SLAM2.dir/src/MapPoint.cc.o] Error 1
[2.441s] gmake[2]: *** [CMakeFiles/ORB_SLAM2.dir/build.make:76: CMakeFiles/ORB_SLAM2.dir/src/System.cc.o] Error 1
[2.457s] In file included from [01m[K/home/peyton/ros_ws/sec_bot/src/orbslam2/include/KeyFrame.h:28[m[K,
[2.457s]                  from [01m[K/home/peyton/ros_ws/sec_bot/src/orbslam2/include/MapPoint.h:24[m[K,
[2.458s]                  from [01m[K/home/peyton/ros_ws/sec_bot/src/orbslam2/include/ORBmatcher.h:29[m[K,
[2.458s]                  from [01m[K/home/peyton/ros_ws/sec_bot/src/orbslam2/src/ORBmatcher.cc:21[m[K:
[2.458s] [01m[K/home/peyton/ros_ws/sec_bot/src/orbslam2/include/ORBextractor.h:26:10:[m[K [01;31m[Kfatal error: [m[Kopencv/cv.h: No such file or directory
[2.458s]    26 | #include [01;31m[K<opencv/cv.h>[m[K
[2.458s]       |          [01;31m[K^~~~~~~~~~~~~[m[K
[2.458s] compilation terminated.
[2.458s] In file included from [01m[K/home/peyton/ros_ws/sec_bot/src/orbslam2/include/KeyFrame.h:28[m[K,
[2.459s]                  from [01m[K/home/peyton/ros_ws/sec_bot/src/orbslam2/include/MapPoint.h:24[m[K,
[2.459s]                  from [01m[K/home/peyton/ros_ws/sec_bot/src/orbslam2/include/Map.h:24[m[K,
[2.459s]                  from [01m[K/home/peyton/ros_ws/sec_bot/src/orbslam2/include/MapDrawer.h:24[m[K,
[2.459s]                  from [01m[K/home/peyton/ros_ws/sec_bot/src/orbslam2/include/Viewer.h:26[m[K,
[2.459s]                  from [01m[K/home/peyton/ros_ws/sec_bot/src/orbslam2/include/Tracking.h:28[m[K,
[2.459s]                  from [01m[K/home/peyton/ros_ws/sec_bot/src/orbslam2/include/FrameDrawer.h:24[m[K,
[2.460s]                  from [01m[K/home/peyton/ros_ws/sec_bot/src/orbslam2/src/FrameDrawer.cc:21[m[K:
[2.460s] [01m[K/home/peyton/ros_ws/sec_bot/src/orbslam2/include/ORBextractor.h:26:10:[m[K [01;31m[Kfatal error: [m[Kopencv/cv.h: No such file or directory
[2.460s]    26 | #include [01;31m[K<opencv/cv.h>[m[K
[2.460s]       |          [01;31m[K^~~~~~~~~~~~~[m[K
[2.460s] compilation terminated.
[2.460s] gmake[2]: *** [CMakeFiles/ORB_SLAM2.dir/build.make:146: CMakeFiles/ORB_SLAM2.dir/src/ORBmatcher.cc.o] Error 1
[2.460s] In file included from [01m[K/home/peyton/ros_ws/sec_bot/src/orbslam2/include/KeyFrame.h:28[m[K,
[2.460s]                  from [01m[K/home/peyton/ros_ws/sec_bot/src/orbslam2/include/MapPoint.h:24[m[K,
[2.460s]                  from [01m[K/home/peyton/ros_ws/sec_bot/src/orbslam2/include/FrameDrawer.h:25[m[K,
[2.461s]                  from [01m[K/home/peyton/ros_ws/sec_bot/src/orbslam2/include/Viewer.h:25[m[K,
[2.461s]                  from [01m[K/home/peyton/ros_ws/sec_bot/src/orbslam2/include/Tracking.h:28[m[K,
[2.461s]                  from [01m[K/home/peyton/ros_ws/sec_bot/src/orbslam2/src/Tracking.cc:22[m[K:
[2.461s] [01m[K/home/peyton/ros_ws/sec_bot/src/orbslam2/include/ORBextractor.h:26:10:[m[K [01;31m[Kfatal error: [m[Kopencv/cv.h: No such file or directory
[2.461s]    26 | #include [01;31m[K<opencv/cv.h>[m[K
[2.461s]       |          [01;31m[K^~~~~~~~~~~~~[m[K
[2.462s] compilation terminated.
[2.462s] gmake[2]: *** [CMakeFiles/ORB_SLAM2.dir/build.make:160: CMakeFiles/ORB_SLAM2.dir/src/FrameDrawer.cc.o] Error 1
[2.462s] gmake[2]: *** [CMakeFiles/ORB_SLAM2.dir/build.make:90: CMakeFiles/ORB_SLAM2.dir/src/Tracking.cc.o] Error 1
[2.468s] In file included from [01m[K/home/peyton/ros_ws/sec_bot/src/orbslam2/src/ORBextractor.cc:63[m[K:
[2.468s] [01m[K/home/peyton/ros_ws/sec_bot/src/orbslam2/include/ORBextractor.h:26:10:[m[K [01;31m[Kfatal error: [m[Kopencv/cv.h: No such file or directory
[2.468s]    26 | #include [01;31m[K<opencv/cv.h>[m[K
[2.468s]       |          [01;31m[K^~~~~~~~~~~~~[m[K
[2.469s] compilation terminated.
[2.469s] gmake[2]: *** [CMakeFiles/ORB_SLAM2.dir/build.make:132: CMakeFiles/ORB_SLAM2.dir/src/ORBextractor.cc.o] Error 1
[2.556s] In file included from [01m[K/home/peyton/ros_ws/sec_bot/src/orbslam2/Thirdparty/g2o/g2o/types/../core/optimizable_graph.h:37[m[K,
[2.556s]                  from [01m[K/home/peyton/ros_ws/sec_bot/src/orbslam2/Thirdparty/g2o/g2o/types/../core/base_vertex.h:30[m[K,
[2.557s]                  from [01m[K/home/peyton/ros_ws/sec_bot/src/orbslam2/Thirdparty/g2o/g2o/types/types_six_dof_expmap.h:37[m[K,
[2.557s]                  from [01m[K/home/peyton/ros_ws/sec_bot/src/orbslam2/include/Converter.h:27[m[K,
[2.557s]                  from [01m[K/home/peyton/ros_ws/sec_bot/src/orbslam2/src/Converter.cc:22[m[K:
[2.557s] [01m[K/home/peyton/ros_ws/sec_bot/src/orbslam2/Thirdparty/g2o/g2o/types/../core/openmp_mutex.h:30:10:[m[K [01;31m[Kfatal error: [m[K../../config.h: No such file or directory
[2.557s]    30 | #include [01;31m[K"../../config.h"[m[K
[2.557s]       |          [01;31m[K^~~~~~~~~~~~~~~~[m[K
[2.557s] compilation terminated.
[2.559s] gmake[2]: *** [CMakeFiles/ORB_SLAM2.dir/build.make:174: CMakeFiles/ORB_SLAM2.dir/src/Converter.cc.o] Error 1
[2.559s] gmake[1]: *** [CMakeFiles/Makefile2:95: CMakeFiles/ORB_SLAM2.dir/all] Error 2
[2.559s] gmake: *** [Makefile:91: all] Error 2
[2.562s] Invoked command in '/home/peyton/ros_ws/build/ORB_SLAM2' returned '2': /usr/bin/cmake --build /home/peyton/ros_ws/build/ORB_SLAM2 -- -j12 -l12
